<?xml version="1.0" encoding="UTF-8"?>
<testsuite name="TestStringAndMapBuilders" tests="1" skipped="0" failures="0" errors="0" timestamp="2025-03-24T14:44:03" hostname="MARINA-NOUT" time="0.009">
  <properties/>
  <testcase name="testBuildMap" classname="TestStringAndMapBuilders" time="0.009"/>
  <system-out><![CDATA[]]></system-out>
  <system-err><![CDATA[]]></system-err>
</testsuite>
