<?xml version="1.0" encoding="UTF-8"?>
<testsuite name="Test" tests="2" skipped="0" failures="0" errors="0" timestamp="2025-03-24T10:00:15" hostname="MARINA-NOUT" time="0.012">
  <properties/>
  <testcase name="testNegative" classname="Test" time="0.01"/>
  <testcase name="testLargeNumber" classname="Test" time="0.001"/>
  <system-out><![CDATA[]]></system-out>
  <system-err><![CDATA[]]></system-err>
</testsuite>
