<?xml version="1.0" encoding="UTF-8"?>
<testsuite name="TestFlatMap" tests="2" skipped="0" failures="0" errors="0" timestamp="2025-03-24T13:51:15" hostname="MARINA-NOUT" time="0.057">
  <properties/>
  <testcase name="testGetOrderedProductsSet" classname="TestFlatMap" time="0.051"/>
  <testcase name="testGetAllOrderedProducts" classname="TestFlatMap" time="0.004"/>
  <system-out><![CDATA[]]></system-out>
  <system-err><![CDATA[]]></system-err>
</testsuite>
