<?xml version="1.0" encoding="UTF-8"?>
<testsuite name="TestDelegatesExamples" tests="2" skipped="0" failures="0" errors="0" timestamp="2025-03-24T14:28:17" hostname="MARINA-NOUT" time="0.027">
  <properties/>
  <testcase name="testLazy" classname="TestDelegatesExamples" time="0.022"/>
  <testcase name="initializedOnce" classname="TestDelegatesExamples" time="0.003"/>
  <system-out><![CDATA[]]></system-out>
  <system-err><![CDATA[]]></system-err>
</testsuite>
