<?xml version="1.0" encoding="UTF-8"?>
<testsuite name="TestIntroduction" tests="1" skipped="0" failures="0" errors="0" timestamp="2025-03-24T12:44:20" hostname="MARINA-NOUT" time="0.044">
  <properties/>
  <testcase name="testSetOfCustomers" classname="TestIntroduction" time="0.044"/>
  <system-out><![CDATA[]]></system-out>
  <system-err><![CDATA[]]></system-err>
</testsuite>
