<?xml version="1.0" encoding="UTF-8"?>
<testsuite name="TestTheFunctionWith" tests="2" skipped="0" failures="0" errors="0" timestamp="2025-03-24T14:46:14" hostname="MARINA-NOUT" time="0.026">
  <properties/>
  <testcase name="testCreateString" classname="TestTheFunctionWith" time="0.019"/>
  <testcase name="testCreateMap" classname="TestTheFunctionWith" time="0.004"/>
  <system-out><![CDATA[]]></system-out>
  <system-err><![CDATA[]]></system-err>
</testsuite>
