<?xml version="1.0" encoding="UTF-8"?>
<testsuite name="TestStringTemplates" tests="3" skipped="0" failures="0" errors="0" timestamp="2025-03-24T09:23:52" hostname="MARINA-NOUT" time="0.013">
  <properties/>
  <testcase name="match1" classname="TestStringTemplates" time="0.01"/>
  <testcase name="match" classname="TestStringTemplates" time="0.001"/>
  <testcase name="doNotMatch" classname="TestStringTemplates" time="0.001"/>
  <system-out><![CDATA[]]></system-out>
  <system-err><![CDATA[]]></system-err>
</testsuite>
