<?xml version="1.0" encoding="UTF-8"?>
<testsuite name="TestExtensionFunctions" tests="2" skipped="0" failures="0" errors="0" timestamp="2025-03-24T11:28:15" hostname="MARINA-NOUT" time="0.011">
  <properties/>
  <testcase name="testPairExtension" classname="TestExtensionFunctions" time="0.009"/>
  <testcase name="testIntExtension" classname="TestExtensionFunctions" time="0.001"/>
  <system-out><![CDATA[]]></system-out>
  <system-err><![CDATA[]]></system-err>
</testsuite>
