<?xml version="1.0" encoding="UTF-8"?>
<testsuite name="TestNamedArguments" tests="1" skipped="0" failures="0" errors="0" timestamp="2025-03-24T08:10:58" hostname="MARINA-NOUT" time="0.106">
  <properties/>
  <testcase name="testJoinToString" classname="TestNamedArguments" time="0.106"/>
  <system-out><![CDATA[]]></system-out>
  <system-err><![CDATA[]]></system-err>
</testsuite>
