<?xml version="1.0" encoding="UTF-8"?>
<testsuite name="Test" tests="1" skipped="0" failures="0" errors="0" timestamp="2025-03-24T11:24:19" hostname="MARINA-NOUT" time="0.048">
  <properties/>
  <testcase name="testRandom" classname="Test" time="0.048"/>
  <system-out><![CDATA[]]></system-out>
  <system-err><![CDATA[]]></system-err>
</testsuite>
