<?xml version="1.0" encoding="UTF-8"?>
<testsuite name="TestDataClasses" tests="2" skipped="0" failures="0" errors="0" timestamp="2025-03-24T10:56:51" hostname="MARINA-NOUT" time="0.052">
  <properties/>
  <testcase name="testComparePeople" classname="TestDataClasses" time="0.013"/>
  <testcase name="testListOfPeople" classname="TestDataClasses" time="0.036"/>
  <system-out><![CDATA[]]></system-out>
  <system-err><![CDATA[]]></system-err>
</testsuite>
