<?xml version="1.0" encoding="UTF-8"?>
<testsuite name="TestInvoke" tests="2" skipped="0" failures="0" errors="0" timestamp="2025-03-24T12:33:21" hostname="MARINA-NOUT" time="0.038">
  <properties/>
  <testcase name="testInvokeTwice" classname="TestInvoke" time="0.023"/>
  <testcase name="testNumberOfInvocations" classname="TestInvoke" time="0.012"/>
  <system-out><![CDATA[]]></system-out>
  <system-err><![CDATA[]]></system-err>
</testsuite>
