<?xml version="1.0" encoding="UTF-8"?>
<testsuite name="TestComparison" tests="3" skipped="0" failures="0" errors="0" timestamp="2025-03-24T11:33:07" hostname="MARINA-NOUT" time="0.023">
  <properties/>
  <testcase name="testAfter" classname="TestComparison" time="0.016"/>
  <testcase name="testSame" classname="TestComparison" time="0.001"/>
  <testcase name="testBefore" classname="TestComparison" time="0.001"/>
  <system-out><![CDATA[]]></system-out>
  <system-err><![CDATA[]]></system-err>
</testsuite>
