<?xml version="1.0" encoding="UTF-8"?>
<testsuite name="TestHtmlBuilders" tests="2" skipped="0" failures="0" errors="0" timestamp="2025-03-24T14:48:30" hostname="MARINA-NOUT" time="0.086">
  <properties/>
  <testcase name="productTableIsColored" classname="TestHtmlBuilders" time="0.082"/>
  <testcase name="productTableIsFilled" classname="TestHtmlBuilders" time="0.002"/>
  <system-out><![CDATA[]]></system-out>
  <system-err><![CDATA[]]></system-err>
</testsuite>
