<?xml version="1.0" encoding="UTF-8"?>
<testsuite name="HtmlDslTest" tests="3" skipped="0" failures="0" errors="0" timestamp="2025-03-24T14:53:07" hostname="MARINA-NOUT" time="0.037">
  <properties/>
  <testcase name="testSample" classname="HtmlDslTest" time="0.029"/>
  <testcase name="testTable1" classname="HtmlDslTest" time="0.003"/>
  <testcase name="testTable2" classname="HtmlDslTest" time="0.003"/>
  <system-out><![CDATA[]]></system-out>
  <system-err><![CDATA[]]></system-err>
</testsuite>
