<?xml version="1.0" encoding="UTF-8"?>
<testsuite name="TestDelegatesHowItWorks" tests="1" skipped="0" failures="0" errors="0" timestamp="2025-03-24T14:31:04" hostname="MARINA-NOUT" time="0.038">
  <properties/>
  <testcase name="testDate" classname="TestDelegatesHowItWorks" time="0.038"/>
  <system-out><![CDATA[]]></system-out>
  <system-err><![CDATA[]]></system-err>
</testsuite>
