<?xml version="1.0" encoding="UTF-8"?>
<testsuite name="TestLambdas" tests="2" skipped="0" failures="0" errors="0" timestamp="2025-03-24T10:18:50" hostname="MARINA-NOUT" time="0.034">
  <properties/>
  <testcase name="contains" classname="TestLambdas" time="0.032"/>
  <testcase name="notContains" classname="TestLambdas" time="0.001"/>
  <system-out><![CDATA[]]></system-out>
  <system-err><![CDATA[]]></system-err>
</testsuite>
