<?xml version="1.0" encoding="UTF-8"?>
<testsuite name="TestExtensionFunctionLiterals" tests="1" skipped="0" failures="0" errors="0" timestamp="2025-03-24T14:36:13" hostname="MARINA-NOUT" time="0.05">
  <properties/>
  <testcase name="testIsOddAndIsEven" classname="TestExtensionFunctionLiterals" time="0.05"/>
  <system-out><![CDATA[]]></system-out>
  <system-err><![CDATA[]]></system-err>
</testsuite>
