<?xml version="1.0" encoding="UTF-8"?>
<testsuite name="TestForLoop" tests="2" skipped="0" failures="0" errors="0" timestamp="2025-03-24T12:08:52" hostname="MARINA-NOUT" time="0.072">
  <properties/>
  <testcase name="testIterateOverDateRange" classname="TestForLoop" time="0.062"/>
  <testcase name="testIterateOverEmptyRange" classname="TestForLoop" time="0.005"/>
  <system-out><![CDATA[]]></system-out>
  <system-err><![CDATA[]]></system-err>
</testsuite>
