<?xml version="1.0" encoding="UTF-8"?>
<testsuite name="TestGroupBy" tests="1" skipped="0" failures="0" errors="0" timestamp="2025-03-24T13:18:30" hostname="MARINA-NOUT" time="0.08">
  <properties/>
  <testcase name="testGroupCustomersByCity" classname="TestGroupBy" time="0.08"/>
  <system-out><![CDATA[]]></system-out>
  <system-err><![CDATA[]]></system-err>
</testsuite>
